{"name":"hexo","hostname":"M0nK","pid":8824,"level":20,"msg":"Hexo version: \u001b[35m3.1.1\u001b[39m","time":"2015-11-09T08:49:39.314Z","v":0}
{"name":"hexo","hostname":"M0nK","pid":8824,"level":20,"msg":"Working directory: \u001b[35mE:\\GitHub\\yoonge.github.io\\\u001b[39m","time":"2015-11-09T08:49:39.321Z","v":0}
{"name":"hexo","hostname":"M0nK","pid":8824,"level":20,"msg":"Config loaded: \u001b[35mE:\\GitHub\\yoonge.github.io\\_config.yml\u001b[39m","time":"2015-11-09T08:49:39.426Z","v":0}
{"name":"hexo","hostname":"M0nK","pid":8824,"level":20,"msg":"Plugin loaded: \u001b[35mhexo-generator-archive\u001b[39m","time":"2015-11-09T08:49:39.648Z","v":0}
{"name":"hexo","hostname":"M0nK","pid":8824,"level":20,"msg":"Plugin loaded: \u001b[35mhexo-generator-category\u001b[39m","time":"2015-11-09T08:49:39.650Z","v":0}
{"name":"hexo","hostname":"M0nK","pid":8824,"level":20,"msg":"Plugin loaded: \u001b[35mhexo-generator-index\u001b[39m","time":"2015-11-09T08:49:39.652Z","v":0}
{"name":"hexo","hostname":"M0nK","pid":8824,"level":20,"msg":"Plugin loaded: \u001b[35mhexo-generator-feed\u001b[39m","time":"2015-11-09T08:49:39.653Z","v":0}
{"name":"hexo","hostname":"M0nK","pid":8824,"level":20,"msg":"Plugin loaded: \u001b[35mhexo-deployer-git\u001b[39m","time":"2015-11-09T08:49:39.654Z","v":0}
{"name":"hexo","hostname":"M0nK","pid":8824,"level":20,"msg":"Plugin loaded: \u001b[35mhexo-generator-sitemap\u001b[39m","time":"2015-11-09T08:49:39.655Z","v":0}
{"name":"hexo","hostname":"M0nK","pid":8824,"level":20,"msg":"Plugin loaded: \u001b[35mhexo-generator-tag\u001b[39m","time":"2015-11-09T08:49:39.984Z","v":0}
{"name":"hexo","hostname":"M0nK","pid":8824,"level":20,"msg":"Plugin loaded: \u001b[35mhexo-renderer-ejs\u001b[39m","time":"2015-11-09T08:49:39.986Z","v":0}
{"name":"hexo","hostname":"M0nK","pid":8824,"level":20,"msg":"Plugin loaded: \u001b[35mhexo-renderer-marked\u001b[39m","time":"2015-11-09T08:49:39.988Z","v":0}
{"name":"hexo","hostname":"M0nK","pid":8824,"level":20,"msg":"Plugin loaded: \u001b[35mhexo-server\u001b[39m","time":"2015-11-09T08:49:39.989Z","v":0}
{"name":"hexo","hostname":"M0nK","pid":8824,"level":20,"msg":"Plugin loaded: \u001b[35mhexo-renderer-stylus\u001b[39m","time":"2015-11-09T08:49:39.991Z","v":0}
{"name":"hexo","hostname":"M0nK","pid":8824,"level":20,"msg":"Script loaded: \u001b[35mthemes\\next\\scripts\\filters\\sticky.js\u001b[39m","time":"2015-11-09T08:49:39.992Z","v":0}
{"name":"hexo","hostname":"M0nK","pid":8824,"level":20,"msg":"Script loaded: \u001b[35mthemes\\next\\scripts\\merge-configs.js\u001b[39m","time":"2015-11-09T08:49:39.994Z","v":0}
{"name":"hexo","hostname":"M0nK","pid":8824,"level":20,"msg":"Script loaded: \u001b[35mthemes\\next\\scripts\\tags\\group-pictures.js\u001b[39m","time":"2015-11-09T08:49:39.996Z","v":0}
{"name":"hexo","hostname":"M0nK","pid":8824,"level":20,"msg":"Script loaded: \u001b[35mthemes\\next\\scripts\\tags\\full-image.js\u001b[39m","time":"2015-11-09T08:49:39.998Z","v":0}
{"name":"hexo","hostname":"M0nK","pid":8824,"level":20,"msg":"Script loaded: \u001b[35mthemes\\next\\scripts\\tags\\center-quote.js\u001b[39m","time":"2015-11-09T08:49:39.999Z","v":0}
{"name":"hexo","hostname":"M0nK","pid":8824,"level":20,"msg":"Loading database.","time":"2015-11-09T08:49:40.017Z","v":0}
{"name":"hexo","hostname":"M0nK","pid":8824,"level":20,"msg":"Unchanged: \u001b[35msource/CNAME\u001b[39m","time":"2015-11-09T08:49:40.068Z","v":0}
{"name":"hexo","hostname":"M0nK","pid":8824,"level":20,"msg":"Unchanged: \u001b[35msource/_posts/hello-hexo.md\u001b[39m","time":"2015-11-09T08:49:40.070Z","v":0}
{"name":"hexo","hostname":"M0nK","pid":8824,"level":20,"msg":"Unchanged: \u001b[35msource/_posts/mac-os-x-root.md\u001b[39m","time":"2015-11-09T08:49:40.073Z","v":0}
{"name":"hexo","hostname":"M0nK","pid":8824,"level":20,"msg":"Unchanged: \u001b[35msource/_posts/nodejs-update.md\u001b[39m","time":"2015-11-09T08:49:40.075Z","v":0}
{"name":"hexo","hostname":"M0nK","pid":8824,"level":20,"msg":"Processed: \u001b[35mCNAME\u001b[39m","time":"2015-11-09T08:49:40.083Z","v":0}
{"name":"hexo","hostname":"M0nK","pid":8824,"level":20,"msg":"Processed: \u001b[35m_posts/nodejs-update.md\u001b[39m","time":"2015-11-09T08:49:40.087Z","v":0}
{"name":"hexo","hostname":"M0nK","pid":8824,"level":20,"msg":"Processed: \u001b[35m_posts/mac-os-x-root.md\u001b[39m","time":"2015-11-09T08:49:40.087Z","v":0}
{"name":"hexo","hostname":"M0nK","pid":8824,"level":20,"msg":"Processed: \u001b[35m_posts/hello-hexo.md\u001b[39m","time":"2015-11-09T08:49:40.091Z","v":0}
{"name":"hexo","hostname":"M0nK","pid":8824,"level":20,"msg":"Added: \u001b[35mthemes/next/source/css/_common/_page/home.styl\u001b[39m","time":"2015-11-09T08:49:40.172Z","v":0}
{"name":"hexo","hostname":"M0nK","pid":8824,"level":20,"msg":"Added: \u001b[35mthemes/next/source/css/_mixins/Mist.styl\u001b[39m","time":"2015-11-09T08:49:40.173Z","v":0}
{"name":"hexo","hostname":"M0nK","pid":8824,"level":20,"msg":"Added: \u001b[35mthemes/next/source/css/_mixins/custom.styl\u001b[39m","time":"2015-11-09T08:49:40.175Z","v":0}
{"name":"hexo","hostname":"M0nK","pid":8824,"level":20,"msg":"Added: \u001b[35mthemes/next/source/css/_mixins/default.styl\u001b[39m","time":"2015-11-09T08:49:40.177Z","v":0}
{"name":"hexo","hostname":"M0nK","pid":8824,"level":20,"msg":"Added: \u001b[35mthemes/next/source/css/_variables/custom.styl\u001b[39m","time":"2015-11-09T08:49:40.178Z","v":0}
{"name":"hexo","hostname":"M0nK","pid":8824,"level":20,"msg":"Added: \u001b[35mthemes/next/source/css/_variables/default.styl\u001b[39m","time":"2015-11-09T08:49:40.179Z","v":0}
{"name":"hexo","hostname":"M0nK","pid":8824,"level":20,"msg":"Added: \u001b[35mthemes/next/README.en.md\u001b[39m","time":"2015-11-09T08:49:40.202Z","v":0}
{"name":"hexo","hostname":"M0nK","pid":8824,"level":20,"msg":"Added: \u001b[35mthemes/next/README.md\u001b[39m","time":"2015-11-09T08:49:40.203Z","v":0}
{"name":"hexo","hostname":"M0nK","pid":8824,"level":20,"msg":"Added: \u001b[35mthemes/next/_config.yml\u001b[39m","time":"2015-11-09T08:49:40.205Z","v":0}
{"name":"hexo","hostname":"M0nK","pid":8824,"level":20,"msg":"Added: \u001b[35mthemes/next/bower.json\u001b[39m","time":"2015-11-09T08:49:40.207Z","v":0}
{"name":"hexo","hostname":"M0nK","pid":8824,"level":20,"msg":"Added: \u001b[35mthemes/next/languages/de.yml\u001b[39m","time":"2015-11-09T08:49:40.208Z","v":0}
{"name":"hexo","hostname":"M0nK","pid":8824,"level":20,"msg":"Added: \u001b[35mthemes/next/languages/default.yml\u001b[39m","time":"2015-11-09T08:49:40.210Z","v":0}
{"name":"hexo","hostname":"M0nK","pid":8824,"level":20,"msg":"Added: \u001b[35mthemes/next/languages/en.yml\u001b[39m","time":"2015-11-09T08:49:40.211Z","v":0}
{"name":"hexo","hostname":"M0nK","pid":8824,"level":20,"msg":"Added: \u001b[35mthemes/next/languages/fr-FR.yml\u001b[39m","time":"2015-11-09T08:49:40.215Z","v":0}
{"name":"hexo","hostname":"M0nK","pid":8824,"level":20,"msg":"Added: \u001b[35mthemes/next/languages/pt.yml\u001b[39m","time":"2015-11-09T08:49:40.217Z","v":0}
{"name":"hexo","hostname":"M0nK","pid":8824,"level":20,"msg":"Added: \u001b[35mthemes/next/languages/ru.yml\u001b[39m","time":"2015-11-09T08:49:40.218Z","v":0}
{"name":"hexo","hostname":"M0nK","pid":8824,"level":20,"msg":"Added: \u001b[35mthemes/next/languages/zh-Hans.yml\u001b[39m","time":"2015-11-09T08:49:40.220Z","v":0}
{"name":"hexo","hostname":"M0nK","pid":8824,"level":20,"msg":"Added: \u001b[35mthemes/next/languages/zh-hk.yml\u001b[39m","time":"2015-11-09T08:49:40.221Z","v":0}
{"name":"hexo","hostname":"M0nK","pid":8824,"level":20,"msg":"Added: \u001b[35mthemes/next/languages/zh-tw.yml\u001b[39m","time":"2015-11-09T08:49:40.223Z","v":0}
{"name":"hexo","hostname":"M0nK","pid":8824,"level":20,"msg":"Added: \u001b[35mthemes/next/layout/_layout.swig\u001b[39m","time":"2015-11-09T08:49:40.225Z","v":0}
{"name":"hexo","hostname":"M0nK","pid":8824,"level":20,"msg":"Added: \u001b[35mthemes/next/layout/_macro/post-collapse.swig\u001b[39m","time":"2015-11-09T08:49:40.226Z","v":0}
{"name":"hexo","hostname":"M0nK","pid":8824,"level":20,"msg":"Added: \u001b[35mthemes/next/layout/_macro/post.swig\u001b[39m","time":"2015-11-09T08:49:40.227Z","v":0}
{"name":"hexo","hostname":"M0nK","pid":8824,"level":20,"msg":"Added: \u001b[35mthemes/next/layout/_macro/sidebar.swig\u001b[39m","time":"2015-11-09T08:49:40.230Z","v":0}
{"name":"hexo","hostname":"M0nK","pid":8824,"level":20,"msg":"Added: \u001b[35mthemes/next/layout/_partials/comments.swig\u001b[39m","time":"2015-11-09T08:49:40.232Z","v":0}
{"name":"hexo","hostname":"M0nK","pid":8824,"level":20,"msg":"Added: \u001b[35mthemes/next/layout/_partials/duoshuo-hot-articles.swig\u001b[39m","time":"2015-11-09T08:49:40.235Z","v":0}
{"name":"hexo","hostname":"M0nK","pid":8824,"level":20,"msg":"Added: \u001b[35mthemes/next/layout/_partials/footer.swig\u001b[39m","time":"2015-11-09T08:49:40.236Z","v":0}
{"name":"hexo","hostname":"M0nK","pid":8824,"level":20,"msg":"Added: \u001b[35mthemes/next/layout/_partials/header.swig\u001b[39m","time":"2015-11-09T08:49:40.238Z","v":0}
{"name":"hexo","hostname":"M0nK","pid":8824,"level":20,"msg":"Added: \u001b[35mthemes/next/layout/_partials/head.swig\u001b[39m","time":"2015-11-09T08:49:40.239Z","v":0}
{"name":"hexo","hostname":"M0nK","pid":8824,"level":20,"msg":"Added: \u001b[35mthemes/next/layout/_partials/old-browsers.swig\u001b[39m","time":"2015-11-09T08:49:40.241Z","v":0}
{"name":"hexo","hostname":"M0nK","pid":8824,"level":20,"msg":"Added: \u001b[35mthemes/next/layout/_partials/search/swiftype.swig\u001b[39m","time":"2015-11-09T08:49:40.242Z","v":0}
{"name":"hexo","hostname":"M0nK","pid":8824,"level":20,"msg":"Added: \u001b[35mthemes/next/layout/_partials/search/tinysou.swig\u001b[39m","time":"2015-11-09T08:49:40.244Z","v":0}
{"name":"hexo","hostname":"M0nK","pid":8824,"level":20,"msg":"Added: \u001b[35mthemes/next/layout/_partials/pagination.swig\u001b[39m","time":"2015-11-09T08:49:40.246Z","v":0}
{"name":"hexo","hostname":"M0nK","pid":8824,"level":20,"msg":"Added: \u001b[35mthemes/next/layout/_partials/search.swig\u001b[39m","time":"2015-11-09T08:49:40.247Z","v":0}
{"name":"hexo","hostname":"M0nK","pid":8824,"level":20,"msg":"Added: \u001b[35mthemes/next/layout/_partials/share/duoshuo_share.swig\u001b[39m","time":"2015-11-09T08:49:40.250Z","v":0}
{"name":"hexo","hostname":"M0nK","pid":8824,"level":20,"msg":"Added: \u001b[35mthemes/next/layout/_partials/share/jiathis.swig\u001b[39m","time":"2015-11-09T08:49:40.251Z","v":0}
{"name":"hexo","hostname":"M0nK","pid":8824,"level":20,"msg":"Added: \u001b[35mthemes/next/layout/_scripts/analytics/baidu-analytics.swig\u001b[39m","time":"2015-11-09T08:49:40.253Z","v":0}
{"name":"hexo","hostname":"M0nK","pid":8824,"level":20,"msg":"Added: \u001b[35mthemes/next/layout/_scripts/analytics/facebook-sdk.swig\u001b[39m","time":"2015-11-09T08:49:40.255Z","v":0}
{"name":"hexo","hostname":"M0nK","pid":8824,"level":20,"msg":"Added: \u001b[35mthemes/next/layout/_scripts/analytics/google-analytics.swig\u001b[39m","time":"2015-11-09T08:49:40.256Z","v":0}
{"name":"hexo","hostname":"M0nK","pid":8824,"level":20,"msg":"Added: \u001b[35mthemes/next/layout/_scripts/analytics.swig\u001b[39m","time":"2015-11-09T08:49:40.258Z","v":0}
{"name":"hexo","hostname":"M0nK","pid":8824,"level":20,"msg":"Added: \u001b[35mthemes/next/layout/_scripts/bootstrap.scrollspy.swig\u001b[39m","time":"2015-11-09T08:49:40.259Z","v":0}
{"name":"hexo","hostname":"M0nK","pid":8824,"level":20,"msg":"Added: \u001b[35mthemes/next/layout/_scripts/baidushare.swig\u001b[39m","time":"2015-11-09T08:49:40.261Z","v":0}
{"name":"hexo","hostname":"M0nK","pid":8824,"level":20,"msg":"Added: \u001b[35mthemes/next/layout/_scripts/comments/disqus.swig\u001b[39m","time":"2015-11-09T08:49:40.263Z","v":0}
{"name":"hexo","hostname":"M0nK","pid":8824,"level":20,"msg":"Added: \u001b[35mthemes/next/layout/_scripts/comments/duoshuo.swig\u001b[39m","time":"2015-11-09T08:49:40.264Z","v":0}
{"name":"hexo","hostname":"M0nK","pid":8824,"level":20,"msg":"Added: \u001b[35mthemes/next/layout/_scripts/mathjax.swig\u001b[39m","time":"2015-11-09T08:49:40.267Z","v":0}
{"name":"hexo","hostname":"M0nK","pid":8824,"level":20,"msg":"Added: \u001b[35mthemes/next/layout/_scripts/motion.swig\u001b[39m","time":"2015-11-09T08:49:40.269Z","v":0}
{"name":"hexo","hostname":"M0nK","pid":8824,"level":20,"msg":"Added: \u001b[35mthemes/next/layout/_scripts/fancy-box.swig\u001b[39m","time":"2015-11-09T08:49:40.270Z","v":0}
{"name":"hexo","hostname":"M0nK","pid":8824,"level":20,"msg":"Added: \u001b[35mthemes/next/layout/_scripts/helpers.swig\u001b[39m","time":"2015-11-09T08:49:40.272Z","v":0}
{"name":"hexo","hostname":"M0nK","pid":8824,"level":20,"msg":"Added: \u001b[35mthemes/next/layout/_scripts/pages/post-details.swig\u001b[39m","time":"2015-11-09T08:49:40.273Z","v":0}
{"name":"hexo","hostname":"M0nK","pid":8824,"level":20,"msg":"Added: \u001b[35mthemes/next/layout/_scripts/tinysou.swig\u001b[39m","time":"2015-11-09T08:49:40.275Z","v":0}
{"name":"hexo","hostname":"M0nK","pid":8824,"level":20,"msg":"Added: \u001b[35mthemes/next/layout/archive.swig\u001b[39m","time":"2015-11-09T08:49:40.278Z","v":0}
{"name":"hexo","hostname":"M0nK","pid":8824,"level":20,"msg":"Added: \u001b[35mthemes/next/layout/category.swig\u001b[39m","time":"2015-11-09T08:49:40.283Z","v":0}
{"name":"hexo","hostname":"M0nK","pid":8824,"level":20,"msg":"Added: \u001b[35mthemes/next/layout/index.swig\u001b[39m","time":"2015-11-09T08:49:40.284Z","v":0}
{"name":"hexo","hostname":"M0nK","pid":8824,"level":20,"msg":"Added: \u001b[35mthemes/next/layout/page.swig\u001b[39m","time":"2015-11-09T08:49:40.286Z","v":0}
{"name":"hexo","hostname":"M0nK","pid":8824,"level":20,"msg":"Added: \u001b[35mthemes/next/layout/post.swig\u001b[39m","time":"2015-11-09T08:49:40.288Z","v":0}
{"name":"hexo","hostname":"M0nK","pid":8824,"level":20,"msg":"Added: \u001b[35mthemes/next/layout/tag.swig\u001b[39m","time":"2015-11-09T08:49:40.290Z","v":0}
{"name":"hexo","hostname":"M0nK","pid":8824,"level":20,"msg":"Added: \u001b[35mthemes/next/scripts/filters/sticky.js\u001b[39m","time":"2015-11-09T08:49:40.291Z","v":0}
{"name":"hexo","hostname":"M0nK","pid":8824,"level":20,"msg":"Added: \u001b[35mthemes/next/scripts/merge-configs.js\u001b[39m","time":"2015-11-09T08:49:40.295Z","v":0}
{"name":"hexo","hostname":"M0nK","pid":8824,"level":20,"msg":"Added: \u001b[35mthemes/next/scripts/tags/center-quote.js\u001b[39m","time":"2015-11-09T08:49:40.298Z","v":0}
{"name":"hexo","hostname":"M0nK","pid":8824,"level":20,"msg":"Added: \u001b[35mthemes/next/scripts/tags/full-image.js\u001b[39m","time":"2015-11-09T08:49:40.300Z","v":0}
{"name":"hexo","hostname":"M0nK","pid":8824,"level":20,"msg":"Added: \u001b[35mthemes/next/scripts/tags/group-pictures.js\u001b[39m","time":"2015-11-09T08:49:40.301Z","v":0}
{"name":"hexo","hostname":"M0nK","pid":8824,"level":20,"msg":"Added: \u001b[35mthemes/next/source/css/_common/_component/back-to-top.styl\u001b[39m","time":"2015-11-09T08:49:40.303Z","v":0}
{"name":"hexo","hostname":"M0nK","pid":8824,"level":20,"msg":"Added: \u001b[35mthemes/next/source/css/_common/_component/blockquote-center.styl\u001b[39m","time":"2015-11-09T08:49:40.304Z","v":0}
{"name":"hexo","hostname":"M0nK","pid":8824,"level":20,"msg":"Added: \u001b[35mthemes/next/source/css/_common/_component/buttons.styl\u001b[39m","time":"2015-11-09T08:49:40.307Z","v":0}
{"name":"hexo","hostname":"M0nK","pid":8824,"level":20,"msg":"Added: \u001b[35mthemes/next/source/css/_common/_component/comments.styl\u001b[39m","time":"2015-11-09T08:49:40.310Z","v":0}
{"name":"hexo","hostname":"M0nK","pid":8824,"level":20,"msg":"Added: \u001b[35mthemes/next/source/css/_common/_component/duoshuo.styl\u001b[39m","time":"2015-11-09T08:49:40.312Z","v":0}
{"name":"hexo","hostname":"M0nK","pid":8824,"level":20,"msg":"Added: \u001b[35mthemes/next/source/css/_common/_component/gallery.styl\u001b[39m","time":"2015-11-09T08:49:40.314Z","v":0}
{"name":"hexo","hostname":"M0nK","pid":8824,"level":20,"msg":"Added: \u001b[35mthemes/next/source/css/_common/_component/group-pictures.styl\u001b[39m","time":"2015-11-09T08:49:40.315Z","v":0}
{"name":"hexo","hostname":"M0nK","pid":8824,"level":20,"msg":"Added: \u001b[35mthemes/next/source/css/_common/_component/jiathis.styl\u001b[39m","time":"2015-11-09T08:49:40.316Z","v":0}
{"name":"hexo","hostname":"M0nK","pid":8824,"level":20,"msg":"Added: \u001b[35mthemes/next/source/css/_common/_component/pagination.styl\u001b[39m","time":"2015-11-09T08:49:40.318Z","v":0}
{"name":"hexo","hostname":"M0nK","pid":8824,"level":20,"msg":"Added: \u001b[35mthemes/next/source/css/_common/_component/posts-collapse.styl\u001b[39m","time":"2015-11-09T08:49:40.320Z","v":0}
{"name":"hexo","hostname":"M0nK","pid":8824,"level":20,"msg":"Added: \u001b[35mthemes/next/source/css/_common/_component/posts-expand.styl\u001b[39m","time":"2015-11-09T08:49:40.321Z","v":0}
{"name":"hexo","hostname":"M0nK","pid":8824,"level":20,"msg":"Added: \u001b[35mthemes/next/source/css/_common/_component/posts-type.styl\u001b[39m","time":"2015-11-09T08:49:40.323Z","v":0}
{"name":"hexo","hostname":"M0nK","pid":8824,"level":20,"msg":"Added: \u001b[35mthemes/next/source/css/_common/_component/posts.styl\u001b[39m","time":"2015-11-09T08:49:40.329Z","v":0}
{"name":"hexo","hostname":"M0nK","pid":8824,"level":20,"msg":"Added: \u001b[35mthemes/next/source/css/_common/_component/tag-cloud.styl\u001b[39m","time":"2015-11-09T08:49:40.330Z","v":0}
{"name":"hexo","hostname":"M0nK","pid":8824,"level":20,"msg":"Added: \u001b[35mthemes/next/source/css/_common/_core/base.styl\u001b[39m","time":"2015-11-09T08:49:40.331Z","v":0}
{"name":"hexo","hostname":"M0nK","pid":8824,"level":20,"msg":"Added: \u001b[35mthemes/next/source/css/_common/_core/helpers.styl\u001b[39m","time":"2015-11-09T08:49:40.333Z","v":0}
{"name":"hexo","hostname":"M0nK","pid":8824,"level":20,"msg":"Added: \u001b[35mthemes/next/source/css/_common/_core/normalize.styl\u001b[39m","time":"2015-11-09T08:49:40.335Z","v":0}
{"name":"hexo","hostname":"M0nK","pid":8824,"level":20,"msg":"Added: \u001b[35mthemes/next/source/css/_common/_core/scaffolding.styl\u001b[39m","time":"2015-11-09T08:49:40.336Z","v":0}
{"name":"hexo","hostname":"M0nK","pid":8824,"level":20,"msg":"Added: \u001b[35mthemes/next/source/css/_common/_core/tables.styl\u001b[39m","time":"2015-11-09T08:49:40.338Z","v":0}
{"name":"hexo","hostname":"M0nK","pid":8824,"level":20,"msg":"Added: \u001b[35mthemes/next/source/css/_common/_fonts/icon-default.styl\u001b[39m","time":"2015-11-09T08:49:40.339Z","v":0}
{"name":"hexo","hostname":"M0nK","pid":8824,"level":20,"msg":"Added: \u001b[35mthemes/next/source/css/_common/_fonts/icon-feather.styl\u001b[39m","time":"2015-11-09T08:49:40.343Z","v":0}
{"name":"hexo","hostname":"M0nK","pid":8824,"level":20,"msg":"Added: \u001b[35mthemes/next/source/css/_common/_fonts/icon-fifty-shades.styl\u001b[39m","time":"2015-11-09T08:49:40.345Z","v":0}
{"name":"hexo","hostname":"M0nK","pid":8824,"level":20,"msg":"Added: \u001b[35mthemes/next/source/css/_common/_fonts/icon-font.styl\u001b[39m","time":"2015-11-09T08:49:40.346Z","v":0}
{"name":"hexo","hostname":"M0nK","pid":8824,"level":20,"msg":"Added: \u001b[35mthemes/next/source/css/_common/_page/archive.styl\u001b[39m","time":"2015-11-09T08:49:40.349Z","v":0}
{"name":"hexo","hostname":"M0nK","pid":8824,"level":20,"msg":"Added: \u001b[35mthemes/next/source/css/_common/_fonts/icon-linecons.styl\u001b[39m","time":"2015-11-09T08:49:40.350Z","v":0}
{"name":"hexo","hostname":"M0nK","pid":8824,"level":20,"msg":"Added: \u001b[35mthemes/next/source/css/_common/_page/categories.styl\u001b[39m","time":"2015-11-09T08:49:40.352Z","v":0}
{"name":"hexo","hostname":"M0nK","pid":8824,"level":20,"msg":"Added: \u001b[35mthemes/next/source/css/_common/_page/post-detail.styl\u001b[39m","time":"2015-11-09T08:49:40.356Z","v":0}
{"name":"hexo","hostname":"M0nK","pid":8824,"level":20,"msg":"Added: \u001b[35mthemes/next/source/css/_common/_section/body.styl\u001b[39m","time":"2015-11-09T08:49:40.358Z","v":0}
{"name":"hexo","hostname":"M0nK","pid":8824,"level":20,"msg":"Added: \u001b[35mthemes/next/source/css/_common/_section/footer.styl\u001b[39m","time":"2015-11-09T08:49:40.360Z","v":0}
{"name":"hexo","hostname":"M0nK","pid":8824,"level":20,"msg":"Added: \u001b[35mthemes/next/source/css/_common/_section/header.styl\u001b[39m","time":"2015-11-09T08:49:40.361Z","v":0}
{"name":"hexo","hostname":"M0nK","pid":8824,"level":20,"msg":"Added: \u001b[35mthemes/next/source/css/_common/_section/layout.styl\u001b[39m","time":"2015-11-09T08:49:40.363Z","v":0}
{"name":"hexo","hostname":"M0nK","pid":8824,"level":20,"msg":"Added: \u001b[35mthemes/next/source/css/_common/_section/media.styl\u001b[39m","time":"2015-11-09T08:49:40.365Z","v":0}
{"name":"hexo","hostname":"M0nK","pid":8824,"level":20,"msg":"Added: \u001b[35mthemes/next/source/css/_common/_section/sidebar.styl\u001b[39m","time":"2015-11-09T08:49:40.368Z","v":0}
{"name":"hexo","hostname":"M0nK","pid":8824,"level":20,"msg":"Added: \u001b[35mthemes/next/source/css/_common/_vendor/highlight/highlight.styl\u001b[39m","time":"2015-11-09T08:49:40.369Z","v":0}
{"name":"hexo","hostname":"M0nK","pid":8824,"level":20,"msg":"Added: \u001b[35mthemes/next/source/css/_common/_vendor/highlight/theme.styl\u001b[39m","time":"2015-11-09T08:49:40.371Z","v":0}
{"name":"hexo","hostname":"M0nK","pid":8824,"level":20,"msg":"Added: \u001b[35mthemes/next/source/css/_custom/custom.styl\u001b[39m","time":"2015-11-09T08:49:40.375Z","v":0}
{"name":"hexo","hostname":"M0nK","pid":8824,"level":20,"msg":"Added: \u001b[35mthemes/next/source/css/_mixins/base.styl\u001b[39m","time":"2015-11-09T08:49:40.376Z","v":0}
{"name":"hexo","hostname":"M0nK","pid":8824,"level":20,"msg":"Added: \u001b[35mthemes/next/source/css/_schemes/Mist/_base.styl\u001b[39m","time":"2015-11-09T08:49:40.378Z","v":0}
{"name":"hexo","hostname":"M0nK","pid":8824,"level":20,"msg":"Added: \u001b[35mthemes/next/source/css/_schemes/Mist/_header.styl\u001b[39m","time":"2015-11-09T08:49:40.380Z","v":0}
{"name":"hexo","hostname":"M0nK","pid":8824,"level":20,"msg":"Added: \u001b[35mthemes/next/source/css/_schemes/Mist/_logo.styl\u001b[39m","time":"2015-11-09T08:49:40.381Z","v":0}
{"name":"hexo","hostname":"M0nK","pid":8824,"level":20,"msg":"Added: \u001b[35mthemes/next/source/css/_schemes/Mist/_menu.styl\u001b[39m","time":"2015-11-09T08:49:40.383Z","v":0}
{"name":"hexo","hostname":"M0nK","pid":8824,"level":20,"msg":"Added: \u001b[35mthemes/next/source/css/_schemes/Mist/_posts-expanded.styl\u001b[39m","time":"2015-11-09T08:49:40.387Z","v":0}
{"name":"hexo","hostname":"M0nK","pid":8824,"level":20,"msg":"Added: \u001b[35mthemes/next/source/css/_schemes/Mist/index.styl\u001b[39m","time":"2015-11-09T08:49:40.395Z","v":0}
{"name":"hexo","hostname":"M0nK","pid":8824,"level":20,"msg":"Added: \u001b[35mthemes/next/source/css/_schemes/default/_logo.styl\u001b[39m","time":"2015-11-09T08:49:40.397Z","v":0}
{"name":"hexo","hostname":"M0nK","pid":8824,"level":20,"msg":"Added: \u001b[35mthemes/next/source/css/_schemes/default/_search.styl\u001b[39m","time":"2015-11-09T08:49:40.399Z","v":0}
{"name":"hexo","hostname":"M0nK","pid":8824,"level":20,"msg":"Added: \u001b[35mthemes/next/source/css/_schemes/default/_menu.styl\u001b[39m","time":"2015-11-09T08:49:40.401Z","v":0}
{"name":"hexo","hostname":"M0nK","pid":8824,"level":20,"msg":"Added: \u001b[35mthemes/next/source/css/_schemes/default/index.styl\u001b[39m","time":"2015-11-09T08:49:40.405Z","v":0}
{"name":"hexo","hostname":"M0nK","pid":8824,"level":20,"msg":"Added: \u001b[35mthemes/next/source/css/_variables/Mist.styl\u001b[39m","time":"2015-11-09T08:49:40.407Z","v":0}
{"name":"hexo","hostname":"M0nK","pid":8824,"level":20,"msg":"Added: \u001b[35mthemes/next/source/css/_variables/base.styl\u001b[39m","time":"2015-11-09T08:49:40.409Z","v":0}
{"name":"hexo","hostname":"M0nK","pid":8824,"level":20,"msg":"Added: \u001b[35mthemes/next/source/css/main.styl\u001b[39m","time":"2015-11-09T08:49:40.410Z","v":0}
{"name":"hexo","hostname":"M0nK","pid":8824,"level":20,"msg":"Added: \u001b[35mthemes/next/source/images/cc-by-nc-nd.svg\u001b[39m","time":"2015-11-09T08:49:40.412Z","v":0}
{"name":"hexo","hostname":"M0nK","pid":8824,"level":20,"msg":"Added: \u001b[35mthemes/next/source/images/cc-by-nc-sa.svg\u001b[39m","time":"2015-11-09T08:49:40.413Z","v":0}
{"name":"hexo","hostname":"M0nK","pid":8824,"level":20,"msg":"Added: \u001b[35mthemes/next/source/images/cc-by-nc.svg\u001b[39m","time":"2015-11-09T08:49:40.415Z","v":0}
{"name":"hexo","hostname":"M0nK","pid":8824,"level":20,"msg":"Added: \u001b[35mthemes/next/source/images/cc-zero.svg\u001b[39m","time":"2015-11-09T08:49:40.416Z","v":0}
{"name":"hexo","hostname":"M0nK","pid":8824,"level":20,"msg":"Added: \u001b[35mthemes/next/source/images/cc-by.svg\u001b[39m","time":"2015-11-09T08:49:40.417Z","v":0}
{"name":"hexo","hostname":"M0nK","pid":8824,"level":20,"msg":"Added: \u001b[35mthemes/next/source/images/cc-by-nd.svg\u001b[39m","time":"2015-11-09T08:49:40.418Z","v":0}
{"name":"hexo","hostname":"M0nK","pid":8824,"level":20,"msg":"Added: \u001b[35mthemes/next/source/images/cc-by-sa.svg\u001b[39m","time":"2015-11-09T08:49:40.419Z","v":0}
{"name":"hexo","hostname":"M0nK","pid":8824,"level":20,"msg":"Added: \u001b[35mthemes/next/source/images/placeholder.gif\u001b[39m","time":"2015-11-09T08:49:40.421Z","v":0}
{"name":"hexo","hostname":"M0nK","pid":8824,"level":20,"msg":"Added: \u001b[35mthemes/next/source/images/loading.gif\u001b[39m","time":"2015-11-09T08:49:40.422Z","v":0}
{"name":"hexo","hostname":"M0nK","pid":8824,"level":20,"msg":"Added: \u001b[35mthemes/next/source/images/quote-r.svg\u001b[39m","time":"2015-11-09T08:49:40.424Z","v":0}
{"name":"hexo","hostname":"M0nK","pid":8824,"level":20,"msg":"Added: \u001b[35mthemes/next/source/images/quote-l.svg\u001b[39m","time":"2015-11-09T08:49:40.427Z","v":0}
{"name":"hexo","hostname":"M0nK","pid":8824,"level":20,"msg":"Added: \u001b[35mthemes/next/source/images/searchicon.png\u001b[39m","time":"2015-11-09T08:49:40.428Z","v":0}
{"name":"hexo","hostname":"M0nK","pid":8824,"level":20,"msg":"Added: \u001b[35mthemes/next/source/js/bootstrap.js\u001b[39m","time":"2015-11-09T08:49:40.430Z","v":0}
{"name":"hexo","hostname":"M0nK","pid":8824,"level":20,"msg":"Added: \u001b[35mthemes/next/source/js/bootstrap.scrollspy.js\u001b[39m","time":"2015-11-09T08:49:40.431Z","v":0}
{"name":"hexo","hostname":"M0nK","pid":8824,"level":20,"msg":"Added: \u001b[35mthemes/next/source/js/fancy-box.js\u001b[39m","time":"2015-11-09T08:49:40.434Z","v":0}
{"name":"hexo","hostname":"M0nK","pid":8824,"level":20,"msg":"Added: \u001b[35mthemes/next/source/js/helpers.js\u001b[39m","time":"2015-11-09T08:49:40.436Z","v":0}
{"name":"hexo","hostname":"M0nK","pid":8824,"level":20,"msg":"Added: \u001b[35mthemes/next/source/js/hook-duoshuo.js\u001b[39m","time":"2015-11-09T08:49:40.438Z","v":0}
{"name":"hexo","hostname":"M0nK","pid":8824,"level":20,"msg":"Added: \u001b[35mthemes/next/source/js/motion.js\u001b[39m","time":"2015-11-09T08:49:40.439Z","v":0}
{"name":"hexo","hostname":"M0nK","pid":8824,"level":20,"msg":"Added: \u001b[35mthemes/next/source/js/ua-parser.min.js\u001b[39m","time":"2015-11-09T08:49:40.441Z","v":0}
{"name":"hexo","hostname":"M0nK","pid":8824,"level":20,"msg":"Added: \u001b[35mthemes/next/source/vendors/fancybox/source/blank.gif\u001b[39m","time":"2015-11-09T08:49:40.442Z","v":0}
{"name":"hexo","hostname":"M0nK","pid":8824,"level":20,"msg":"Added: \u001b[35mthemes/next/source/vendors/fancybox/source/fancybox_loading.gif\u001b[39m","time":"2015-11-09T08:49:40.444Z","v":0}
{"name":"hexo","hostname":"M0nK","pid":8824,"level":20,"msg":"Added: \u001b[35mthemes/next/source/vendors/fancybox/source/fancybox_loading@2x.gif\u001b[39m","time":"2015-11-09T08:49:40.446Z","v":0}
{"name":"hexo","hostname":"M0nK","pid":8824,"level":20,"msg":"Added: \u001b[35mthemes/next/source/vendors/fancybox/source/fancybox_overlay.png\u001b[39m","time":"2015-11-09T08:49:40.447Z","v":0}
{"name":"hexo","hostname":"M0nK","pid":8824,"level":20,"msg":"Added: \u001b[35mthemes/next/source/vendors/fancybox/source/fancybox_sprite@2x.png\u001b[39m","time":"2015-11-09T08:49:40.449Z","v":0}
{"name":"hexo","hostname":"M0nK","pid":8824,"level":20,"msg":"Added: \u001b[35mthemes/next/source/vendors/fancybox/source/helpers/fancybox_buttons.png\u001b[39m","time":"2015-11-09T08:49:40.453Z","v":0}
{"name":"hexo","hostname":"M0nK","pid":8824,"level":20,"msg":"Added: \u001b[35mthemes/next/source/vendors/fancybox/source/fancybox_sprite.png\u001b[39m","time":"2015-11-09T08:49:40.454Z","v":0}
{"name":"hexo","hostname":"M0nK","pid":8824,"level":20,"msg":"Added: \u001b[35mthemes/next/source/vendors/fancybox/source/helpers/jquery.fancybox-buttons.css\u001b[39m","time":"2015-11-09T08:49:40.456Z","v":0}
{"name":"hexo","hostname":"M0nK","pid":8824,"level":20,"msg":"Added: \u001b[35mthemes/next/source/vendors/fancybox/source/helpers/jquery.fancybox-media.js\u001b[39m","time":"2015-11-09T08:49:40.458Z","v":0}
{"name":"hexo","hostname":"M0nK","pid":8824,"level":20,"msg":"Added: \u001b[35mthemes/next/source/vendors/fancybox/source/helpers/jquery.fancybox-buttons.js\u001b[39m","time":"2015-11-09T08:49:40.459Z","v":0}
{"name":"hexo","hostname":"M0nK","pid":8824,"level":20,"msg":"Added: \u001b[35mthemes/next/source/vendors/fancybox/source/helpers/jquery.fancybox-thumbs.css\u001b[39m","time":"2015-11-09T08:49:40.460Z","v":0}
{"name":"hexo","hostname":"M0nK","pid":8824,"level":20,"msg":"Added: \u001b[35mthemes/next/source/vendors/fancybox/source/helpers/jquery.fancybox-thumbs.js\u001b[39m","time":"2015-11-09T08:49:40.462Z","v":0}
{"name":"hexo","hostname":"M0nK","pid":8824,"level":20,"msg":"Added: \u001b[35mthemes/next/source/vendors/fancybox/source/jquery.fancybox.css\u001b[39m","time":"2015-11-09T08:49:40.464Z","v":0}
{"name":"hexo","hostname":"M0nK","pid":8824,"level":20,"msg":"Added: \u001b[35mthemes/next/source/vendors/fancybox/source/jquery.fancybox.js\u001b[39m","time":"2015-11-09T08:49:40.466Z","v":0}
{"name":"hexo","hostname":"M0nK","pid":8824,"level":20,"msg":"Added: \u001b[35mthemes/next/source/vendors/fancybox/source/jquery.fancybox.pack.js\u001b[39m","time":"2015-11-09T08:49:40.467Z","v":0}
{"name":"hexo","hostname":"M0nK","pid":8824,"level":20,"msg":"Added: \u001b[35mthemes/next/source/vendors/fastclick/LICENSE\u001b[39m","time":"2015-11-09T08:49:40.469Z","v":0}
{"name":"hexo","hostname":"M0nK","pid":8824,"level":20,"msg":"Added: \u001b[35mthemes/next/source/vendors/fastclick/README.md\u001b[39m","time":"2015-11-09T08:49:40.471Z","v":0}
{"name":"hexo","hostname":"M0nK","pid":8824,"level":20,"msg":"Added: \u001b[35mthemes/next/source/vendors/fastclick/bower.json\u001b[39m","time":"2015-11-09T08:49:40.473Z","v":0}
{"name":"hexo","hostname":"M0nK","pid":8824,"level":20,"msg":"Added: \u001b[35mthemes/next/source/vendors/fastclick/lib/fastclick.js\u001b[39m","time":"2015-11-09T08:49:40.474Z","v":0}
{"name":"hexo","hostname":"M0nK","pid":8824,"level":20,"msg":"Added: \u001b[35mthemes/next/source/vendors/fastclick/lib/fastclick.min.js\u001b[39m","time":"2015-11-09T08:49:40.476Z","v":0}
{"name":"hexo","hostname":"M0nK","pid":8824,"level":20,"msg":"Added: \u001b[35mthemes/next/source/vendors/font-awesome/HELP-US-OUT.txt\u001b[39m","time":"2015-11-09T08:49:40.477Z","v":0}
{"name":"hexo","hostname":"M0nK","pid":8824,"level":20,"msg":"Added: \u001b[35mthemes/next/source/vendors/font-awesome/bower.json\u001b[39m","time":"2015-11-09T08:49:40.479Z","v":0}
{"name":"hexo","hostname":"M0nK","pid":8824,"level":20,"msg":"Added: \u001b[35mthemes/next/source/vendors/font-awesome/css/font-awesome.css\u001b[39m","time":"2015-11-09T08:49:40.480Z","v":0}
{"name":"hexo","hostname":"M0nK","pid":8824,"level":20,"msg":"Added: \u001b[35mthemes/next/source/vendors/font-awesome/css/font-awesome.css.map\u001b[39m","time":"2015-11-09T08:49:40.481Z","v":0}
{"name":"hexo","hostname":"M0nK","pid":8824,"level":20,"msg":"Added: \u001b[35mthemes/next/source/vendors/font-awesome/css/font-awesome.min.css\u001b[39m","time":"2015-11-09T08:49:40.485Z","v":0}
{"name":"hexo","hostname":"M0nK","pid":8824,"level":20,"msg":"Added: \u001b[35mthemes/next/source/vendors/font-awesome/fonts/fontawesome-webfont.woff2\u001b[39m","time":"2015-11-09T08:49:40.486Z","v":0}
{"name":"hexo","hostname":"M0nK","pid":8824,"level":20,"msg":"Added: \u001b[35mthemes/next/source/vendors/jquery_lazyload/CONTRIBUTING.md\u001b[39m","time":"2015-11-09T08:49:40.487Z","v":0}
{"name":"hexo","hostname":"M0nK","pid":8824,"level":20,"msg":"Added: \u001b[35mthemes/next/source/vendors/jquery_lazyload/README.md\u001b[39m","time":"2015-11-09T08:49:40.489Z","v":0}
{"name":"hexo","hostname":"M0nK","pid":8824,"level":20,"msg":"Added: \u001b[35mthemes/next/source/vendors/jquery_lazyload/bower.json\u001b[39m","time":"2015-11-09T08:49:40.490Z","v":0}
{"name":"hexo","hostname":"M0nK","pid":8824,"level":20,"msg":"Added: \u001b[35mthemes/next/source/vendors/jquery_lazyload/jquery.lazyload.js\u001b[39m","time":"2015-11-09T08:49:40.492Z","v":0}
{"name":"hexo","hostname":"M0nK","pid":8824,"level":20,"msg":"Added: \u001b[35mthemes/next/source/vendors/jquery_lazyload/jquery.scrollstop.js\u001b[39m","time":"2015-11-09T08:49:40.493Z","v":0}
{"name":"hexo","hostname":"M0nK","pid":8824,"level":20,"msg":"Added: \u001b[35mthemes/next/source/vendors/velocity/bower.json\u001b[39m","time":"2015-11-09T08:49:40.494Z","v":0}
{"name":"hexo","hostname":"M0nK","pid":8824,"level":20,"msg":"Added: \u001b[35mthemes/next/source/vendors/velocity/velocity.min.js\u001b[39m","time":"2015-11-09T08:49:40.495Z","v":0}
{"name":"hexo","hostname":"M0nK","pid":8824,"level":20,"msg":"Added: \u001b[35mthemes/next/source/vendors/velocity/velocity.ui.js\u001b[39m","time":"2015-11-09T08:49:40.497Z","v":0}
{"name":"hexo","hostname":"M0nK","pid":8824,"level":20,"msg":"Added: \u001b[35mthemes/next/source/vendors/velocity/velocity.ui.min.js\u001b[39m","time":"2015-11-09T08:49:40.498Z","v":0}
{"name":"hexo","hostname":"M0nK","pid":8824,"level":20,"msg":"Added: \u001b[35mthemes/next/test/helpers.js\u001b[39m","time":"2015-11-09T08:49:40.500Z","v":0}
{"name":"hexo","hostname":"M0nK","pid":8824,"level":20,"msg":"Added: \u001b[35mthemes/next/test/intern.js\u001b[39m","time":"2015-11-09T08:49:40.501Z","v":0}
{"name":"hexo","hostname":"M0nK","pid":8824,"level":20,"msg":"Added: \u001b[35mthemes/next/source/vendors/font-awesome/fonts/FontAwesome.otf\u001b[39m","time":"2015-11-09T08:49:40.520Z","v":0}
{"name":"hexo","hostname":"M0nK","pid":8824,"level":20,"msg":"Added: \u001b[35mthemes/next/source/vendors/font-awesome/fonts/fontawesome-webfont.eot\u001b[39m","time":"2015-11-09T08:49:40.522Z","v":0}
{"name":"hexo","hostname":"M0nK","pid":8824,"level":20,"msg":"Added: \u001b[35mthemes/next/source/vendors/font-awesome/fonts/fontawesome-webfont.woff\u001b[39m","time":"2015-11-09T08:49:40.523Z","v":0}
{"name":"hexo","hostname":"M0nK","pid":8824,"level":20,"msg":"Added: \u001b[35mthemes/next/source/vendors/jquery/index.js\u001b[39m","time":"2015-11-09T08:49:40.525Z","v":0}
{"name":"hexo","hostname":"M0nK","pid":8824,"level":20,"msg":"Added: \u001b[35mthemes/next/source/vendors/font-awesome/fonts/fontawesome-webfont.ttf\u001b[39m","time":"2015-11-09T08:49:40.528Z","v":0}
{"name":"hexo","hostname":"M0nK","pid":8824,"level":20,"msg":"Added: \u001b[35mthemes/next/source/vendors/velocity/velocity.js\u001b[39m","time":"2015-11-09T08:49:40.530Z","v":0}
{"name":"hexo","hostname":"M0nK","pid":8824,"level":20,"msg":"Added: \u001b[35mthemes/next/source/vendors/font-awesome/fonts/fontawesome-webfont.svg\u001b[39m","time":"2015-11-09T08:49:40.540Z","v":0}
{"name":"hexo","hostname":"M0nK","pid":8824,"level":20,"msg":"Processed: \u001b[35msource/vendors/velocity/velocity.ui.min.js\u001b[39m","time":"2015-11-09T08:49:40.545Z","v":0}
{"name":"hexo","hostname":"M0nK","pid":8824,"level":20,"msg":"Processed: \u001b[35msource/vendors/velocity/velocity.ui.js\u001b[39m","time":"2015-11-09T08:49:40.546Z","v":0}
{"name":"hexo","hostname":"M0nK","pid":8824,"level":20,"msg":"Processed: \u001b[35msource/vendors/velocity/velocity.min.js\u001b[39m","time":"2015-11-09T08:49:40.548Z","v":0}
{"name":"hexo","hostname":"M0nK","pid":8824,"level":20,"msg":"Processed: \u001b[35msource/vendors/velocity/velocity.js\u001b[39m","time":"2015-11-09T08:49:40.549Z","v":0}
{"name":"hexo","hostname":"M0nK","pid":8824,"level":20,"msg":"Processed: \u001b[35msource/vendors/velocity/bower.json\u001b[39m","time":"2015-11-09T08:49:40.551Z","v":0}
{"name":"hexo","hostname":"M0nK","pid":8824,"level":20,"msg":"Processed: \u001b[35msource/vendors/jquery_lazyload/jquery.scrollstop.js\u001b[39m","time":"2015-11-09T08:49:40.552Z","v":0}
{"name":"hexo","hostname":"M0nK","pid":8824,"level":20,"msg":"Processed: \u001b[35msource/vendors/jquery_lazyload/jquery.lazyload.js\u001b[39m","time":"2015-11-09T08:49:40.554Z","v":0}
{"name":"hexo","hostname":"M0nK","pid":8824,"level":20,"msg":"Processed: \u001b[35msource/vendors/jquery_lazyload/bower.json\u001b[39m","time":"2015-11-09T08:49:40.556Z","v":0}
{"name":"hexo","hostname":"M0nK","pid":8824,"level":20,"msg":"Processed: \u001b[35msource/vendors/jquery_lazyload/README.md\u001b[39m","time":"2015-11-09T08:49:40.557Z","v":0}
{"name":"hexo","hostname":"M0nK","pid":8824,"level":20,"msg":"Processed: \u001b[35msource/vendors/jquery_lazyload/CONTRIBUTING.md\u001b[39m","time":"2015-11-09T08:49:40.559Z","v":0}
{"name":"hexo","hostname":"M0nK","pid":8824,"level":20,"msg":"Processed: \u001b[35msource/vendors/jquery/index.js\u001b[39m","time":"2015-11-09T08:49:40.560Z","v":0}
{"name":"hexo","hostname":"M0nK","pid":8824,"level":20,"msg":"Processed: \u001b[35msource/vendors/font-awesome/fonts/fontawesome-webfont.woff2\u001b[39m","time":"2015-11-09T08:49:40.562Z","v":0}
{"name":"hexo","hostname":"M0nK","pid":8824,"level":20,"msg":"Processed: \u001b[35msource/vendors/font-awesome/fonts/fontawesome-webfont.woff\u001b[39m","time":"2015-11-09T08:49:40.563Z","v":0}
{"name":"hexo","hostname":"M0nK","pid":8824,"level":20,"msg":"Processed: \u001b[35msource/vendors/font-awesome/fonts/fontawesome-webfont.ttf\u001b[39m","time":"2015-11-09T08:49:40.565Z","v":0}
{"name":"hexo","hostname":"M0nK","pid":8824,"level":20,"msg":"Processed: \u001b[35msource/vendors/font-awesome/fonts/fontawesome-webfont.svg\u001b[39m","time":"2015-11-09T08:49:40.567Z","v":0}
{"name":"hexo","hostname":"M0nK","pid":8824,"level":20,"msg":"Processed: \u001b[35msource/vendors/font-awesome/fonts/fontawesome-webfont.eot\u001b[39m","time":"2015-11-09T08:49:40.569Z","v":0}
{"name":"hexo","hostname":"M0nK","pid":8824,"level":20,"msg":"Processed: \u001b[35msource/vendors/font-awesome/fonts/FontAwesome.otf\u001b[39m","time":"2015-11-09T08:49:40.570Z","v":0}
{"name":"hexo","hostname":"M0nK","pid":8824,"level":20,"msg":"Processed: \u001b[35msource/vendors/font-awesome/css/font-awesome.min.css\u001b[39m","time":"2015-11-09T08:49:40.572Z","v":0}
{"name":"hexo","hostname":"M0nK","pid":8824,"level":20,"msg":"Processed: \u001b[35msource/vendors/font-awesome/css/font-awesome.css.map\u001b[39m","time":"2015-11-09T08:49:40.576Z","v":0}
{"name":"hexo","hostname":"M0nK","pid":8824,"level":20,"msg":"Processed: \u001b[35msource/vendors/font-awesome/css/font-awesome.css\u001b[39m","time":"2015-11-09T08:49:40.578Z","v":0}
{"name":"hexo","hostname":"M0nK","pid":8824,"level":20,"msg":"Processed: \u001b[35msource/vendors/font-awesome/bower.json\u001b[39m","time":"2015-11-09T08:49:40.579Z","v":0}
{"name":"hexo","hostname":"M0nK","pid":8824,"level":20,"msg":"Processed: \u001b[35msource/vendors/font-awesome/HELP-US-OUT.txt\u001b[39m","time":"2015-11-09T08:49:40.581Z","v":0}
{"name":"hexo","hostname":"M0nK","pid":8824,"level":20,"msg":"Processed: \u001b[35msource/vendors/fastclick/lib/fastclick.min.js\u001b[39m","time":"2015-11-09T08:49:40.583Z","v":0}
{"name":"hexo","hostname":"M0nK","pid":8824,"level":20,"msg":"Processed: \u001b[35msource/vendors/fastclick/lib/fastclick.js\u001b[39m","time":"2015-11-09T08:49:40.584Z","v":0}
{"name":"hexo","hostname":"M0nK","pid":8824,"level":20,"msg":"Processed: \u001b[35msource/vendors/fastclick/bower.json\u001b[39m","time":"2015-11-09T08:49:40.586Z","v":0}
{"name":"hexo","hostname":"M0nK","pid":8824,"level":20,"msg":"Processed: \u001b[35msource/vendors/fastclick/README.md\u001b[39m","time":"2015-11-09T08:49:40.589Z","v":0}
{"name":"hexo","hostname":"M0nK","pid":8824,"level":20,"msg":"Processed: \u001b[35msource/vendors/fastclick/LICENSE\u001b[39m","time":"2015-11-09T08:49:40.592Z","v":0}
{"name":"hexo","hostname":"M0nK","pid":8824,"level":20,"msg":"Processed: \u001b[35msource/vendors/fancybox/source/jquery.fancybox.pack.js\u001b[39m","time":"2015-11-09T08:49:40.593Z","v":0}
{"name":"hexo","hostname":"M0nK","pid":8824,"level":20,"msg":"Processed: \u001b[35msource/vendors/fancybox/source/jquery.fancybox.js\u001b[39m","time":"2015-11-09T08:49:40.594Z","v":0}
{"name":"hexo","hostname":"M0nK","pid":8824,"level":20,"msg":"Processed: \u001b[35msource/vendors/fancybox/source/jquery.fancybox.css\u001b[39m","time":"2015-11-09T08:49:40.596Z","v":0}
{"name":"hexo","hostname":"M0nK","pid":8824,"level":20,"msg":"Processed: \u001b[35msource/vendors/fancybox/source/helpers/jquery.fancybox-thumbs.js\u001b[39m","time":"2015-11-09T08:49:40.597Z","v":0}
{"name":"hexo","hostname":"M0nK","pid":8824,"level":20,"msg":"Processed: \u001b[35msource/vendors/fancybox/source/helpers/jquery.fancybox-thumbs.css\u001b[39m","time":"2015-11-09T08:49:40.599Z","v":0}
{"name":"hexo","hostname":"M0nK","pid":8824,"level":20,"msg":"Processed: \u001b[35msource/vendors/fancybox/source/helpers/jquery.fancybox-media.js\u001b[39m","time":"2015-11-09T08:49:40.600Z","v":0}
{"name":"hexo","hostname":"M0nK","pid":8824,"level":20,"msg":"Processed: \u001b[35msource/vendors/fancybox/source/helpers/jquery.fancybox-buttons.js\u001b[39m","time":"2015-11-09T08:49:40.602Z","v":0}
{"name":"hexo","hostname":"M0nK","pid":8824,"level":20,"msg":"Processed: \u001b[35msource/vendors/fancybox/source/helpers/jquery.fancybox-buttons.css\u001b[39m","time":"2015-11-09T08:49:40.604Z","v":0}
{"name":"hexo","hostname":"M0nK","pid":8824,"level":20,"msg":"Processed: \u001b[35msource/vendors/fancybox/source/helpers/fancybox_buttons.png\u001b[39m","time":"2015-11-09T08:49:40.607Z","v":0}
{"name":"hexo","hostname":"M0nK","pid":8824,"level":20,"msg":"Processed: \u001b[35msource/vendors/fancybox/source/fancybox_sprite@2x.png\u001b[39m","time":"2015-11-09T08:49:40.608Z","v":0}
{"name":"hexo","hostname":"M0nK","pid":8824,"level":20,"msg":"Processed: \u001b[35msource/vendors/fancybox/source/fancybox_sprite.png\u001b[39m","time":"2015-11-09T08:49:40.610Z","v":0}
{"name":"hexo","hostname":"M0nK","pid":8824,"level":20,"msg":"Processed: \u001b[35msource/vendors/fancybox/source/fancybox_overlay.png\u001b[39m","time":"2015-11-09T08:49:40.611Z","v":0}
{"name":"hexo","hostname":"M0nK","pid":8824,"level":20,"msg":"Processed: \u001b[35msource/vendors/fancybox/source/fancybox_loading@2x.gif\u001b[39m","time":"2015-11-09T08:49:40.613Z","v":0}
{"name":"hexo","hostname":"M0nK","pid":8824,"level":20,"msg":"Processed: \u001b[35msource/vendors/fancybox/source/fancybox_loading.gif\u001b[39m","time":"2015-11-09T08:49:40.614Z","v":0}
{"name":"hexo","hostname":"M0nK","pid":8824,"level":20,"msg":"Processed: \u001b[35msource/vendors/fancybox/source/blank.gif\u001b[39m","time":"2015-11-09T08:49:40.616Z","v":0}
{"name":"hexo","hostname":"M0nK","pid":8824,"level":20,"msg":"Processed: \u001b[35msource/js/ua-parser.min.js\u001b[39m","time":"2015-11-09T08:49:40.618Z","v":0}
{"name":"hexo","hostname":"M0nK","pid":8824,"level":20,"msg":"Processed: \u001b[35msource/js/motion.js\u001b[39m","time":"2015-11-09T08:49:40.619Z","v":0}
{"name":"hexo","hostname":"M0nK","pid":8824,"level":20,"msg":"Processed: \u001b[35msource/js/hook-duoshuo.js\u001b[39m","time":"2015-11-09T08:49:40.621Z","v":0}
{"name":"hexo","hostname":"M0nK","pid":8824,"level":20,"msg":"Processed: \u001b[35msource/js/helpers.js\u001b[39m","time":"2015-11-09T08:49:40.622Z","v":0}
{"name":"hexo","hostname":"M0nK","pid":8824,"level":20,"msg":"Processed: \u001b[35msource/js/fancy-box.js\u001b[39m","time":"2015-11-09T08:49:40.626Z","v":0}
{"name":"hexo","hostname":"M0nK","pid":8824,"level":20,"msg":"Processed: \u001b[35msource/js/bootstrap.scrollspy.js\u001b[39m","time":"2015-11-09T08:49:40.628Z","v":0}
{"name":"hexo","hostname":"M0nK","pid":8824,"level":20,"msg":"Processed: \u001b[35msource/js/bootstrap.js\u001b[39m","time":"2015-11-09T08:49:40.630Z","v":0}
{"name":"hexo","hostname":"M0nK","pid":8824,"level":20,"msg":"Processed: \u001b[35msource/images/searchicon.png\u001b[39m","time":"2015-11-09T08:49:40.631Z","v":0}
{"name":"hexo","hostname":"M0nK","pid":8824,"level":20,"msg":"Processed: \u001b[35msource/images/quote-r.svg\u001b[39m","time":"2015-11-09T08:49:40.633Z","v":0}
{"name":"hexo","hostname":"M0nK","pid":8824,"level":20,"msg":"Processed: \u001b[35msource/images/quote-l.svg\u001b[39m","time":"2015-11-09T08:49:40.636Z","v":0}
{"name":"hexo","hostname":"M0nK","pid":8824,"level":20,"msg":"Processed: \u001b[35msource/images/placeholder.gif\u001b[39m","time":"2015-11-09T08:49:40.638Z","v":0}
{"name":"hexo","hostname":"M0nK","pid":8824,"level":20,"msg":"Processed: \u001b[35msource/images/loading.gif\u001b[39m","time":"2015-11-09T08:49:40.640Z","v":0}
{"name":"hexo","hostname":"M0nK","pid":8824,"level":20,"msg":"Processed: \u001b[35msource/images/cc-zero.svg\u001b[39m","time":"2015-11-09T08:49:40.641Z","v":0}
{"name":"hexo","hostname":"M0nK","pid":8824,"level":20,"msg":"Processed: \u001b[35msource/images/cc-by.svg\u001b[39m","time":"2015-11-09T08:49:40.643Z","v":0}
{"name":"hexo","hostname":"M0nK","pid":8824,"level":20,"msg":"Processed: \u001b[35msource/images/cc-by-sa.svg\u001b[39m","time":"2015-11-09T08:49:40.644Z","v":0}
{"name":"hexo","hostname":"M0nK","pid":8824,"level":20,"msg":"Processed: \u001b[35msource/images/cc-by-nd.svg\u001b[39m","time":"2015-11-09T08:49:40.645Z","v":0}
{"name":"hexo","hostname":"M0nK","pid":8824,"level":20,"msg":"Processed: \u001b[35msource/images/cc-by-nc.svg\u001b[39m","time":"2015-11-09T08:49:40.647Z","v":0}
{"name":"hexo","hostname":"M0nK","pid":8824,"level":20,"msg":"Processed: \u001b[35msource/images/cc-by-nc-sa.svg\u001b[39m","time":"2015-11-09T08:49:40.648Z","v":0}
{"name":"hexo","hostname":"M0nK","pid":8824,"level":20,"msg":"Processed: \u001b[35msource/images/cc-by-nc-nd.svg\u001b[39m","time":"2015-11-09T08:49:40.650Z","v":0}
{"name":"hexo","hostname":"M0nK","pid":8824,"level":20,"msg":"Processed: \u001b[35msource/css/main.styl\u001b[39m","time":"2015-11-09T08:49:40.652Z","v":0}
{"name":"hexo","hostname":"M0nK","pid":8824,"level":20,"msg":"Processed: \u001b[35mlayout/tag.swig\u001b[39m","time":"2015-11-09T08:49:40.657Z","v":0}
{"name":"hexo","hostname":"M0nK","pid":8824,"level":20,"msg":"Processed: \u001b[35mlayout/post.swig\u001b[39m","time":"2015-11-09T08:49:40.659Z","v":0}
{"name":"hexo","hostname":"M0nK","pid":8824,"level":20,"msg":"Processed: \u001b[35mlayout/page.swig\u001b[39m","time":"2015-11-09T08:49:40.663Z","v":0}
{"name":"hexo","hostname":"M0nK","pid":8824,"level":20,"msg":"Processed: \u001b[35mlayout/index.swig\u001b[39m","time":"2015-11-09T08:49:40.665Z","v":0}
{"name":"hexo","hostname":"M0nK","pid":8824,"level":20,"msg":"Processed: \u001b[35mlayout/category.swig\u001b[39m","time":"2015-11-09T08:49:40.666Z","v":0}
{"name":"hexo","hostname":"M0nK","pid":8824,"level":20,"msg":"Processed: \u001b[35mlayout/archive.swig\u001b[39m","time":"2015-11-09T08:49:40.669Z","v":0}
{"name":"hexo","hostname":"M0nK","pid":8824,"level":20,"msg":"Processed: \u001b[35mlayout/_scripts/tinysou.swig\u001b[39m","time":"2015-11-09T08:49:40.672Z","v":0}
{"name":"hexo","hostname":"M0nK","pid":8824,"level":20,"msg":"Processed: \u001b[35mlayout/_scripts/pages/post-details.swig\u001b[39m","time":"2015-11-09T08:49:40.674Z","v":0}
{"name":"hexo","hostname":"M0nK","pid":8824,"level":20,"msg":"Processed: \u001b[35mlayout/_scripts/motion.swig\u001b[39m","time":"2015-11-09T08:49:40.676Z","v":0}
{"name":"hexo","hostname":"M0nK","pid":8824,"level":20,"msg":"Processed: \u001b[35mlayout/_scripts/mathjax.swig\u001b[39m","time":"2015-11-09T08:49:40.678Z","v":0}
{"name":"hexo","hostname":"M0nK","pid":8824,"level":20,"msg":"Processed: \u001b[35mlayout/_scripts/helpers.swig\u001b[39m","time":"2015-11-09T08:49:40.680Z","v":0}
{"name":"hexo","hostname":"M0nK","pid":8824,"level":20,"msg":"Processed: \u001b[35mlayout/_scripts/fancy-box.swig\u001b[39m","time":"2015-11-09T08:49:40.682Z","v":0}
{"name":"hexo","hostname":"M0nK","pid":8824,"level":20,"msg":"Processed: \u001b[35mlayout/_scripts/comments/duoshuo.swig\u001b[39m","time":"2015-11-09T08:49:40.685Z","v":0}
{"name":"hexo","hostname":"M0nK","pid":8824,"level":20,"msg":"Processed: \u001b[35mlayout/_scripts/comments/disqus.swig\u001b[39m","time":"2015-11-09T08:49:40.687Z","v":0}
{"name":"hexo","hostname":"M0nK","pid":8824,"level":20,"msg":"Processed: \u001b[35mlayout/_scripts/bootstrap.scrollspy.swig\u001b[39m","time":"2015-11-09T08:49:40.688Z","v":0}
{"name":"hexo","hostname":"M0nK","pid":8824,"level":20,"msg":"Processed: \u001b[35mlayout/_scripts/baidushare.swig\u001b[39m","time":"2015-11-09T08:49:40.690Z","v":0}
{"name":"hexo","hostname":"M0nK","pid":8824,"level":20,"msg":"Processed: \u001b[35mlayout/_scripts/analytics.swig\u001b[39m","time":"2015-11-09T08:49:40.692Z","v":0}
{"name":"hexo","hostname":"M0nK","pid":8824,"level":20,"msg":"Processed: \u001b[35mlayout/_scripts/analytics/google-analytics.swig\u001b[39m","time":"2015-11-09T08:49:40.694Z","v":0}
{"name":"hexo","hostname":"M0nK","pid":8824,"level":20,"msg":"Processed: \u001b[35mlayout/_scripts/analytics/facebook-sdk.swig\u001b[39m","time":"2015-11-09T08:49:40.696Z","v":0}
{"name":"hexo","hostname":"M0nK","pid":8824,"level":20,"msg":"Processed: \u001b[35mlayout/_scripts/analytics/baidu-analytics.swig\u001b[39m","time":"2015-11-09T08:49:40.698Z","v":0}
{"name":"hexo","hostname":"M0nK","pid":8824,"level":20,"msg":"Processed: \u001b[35mlayout/_partials/share/jiathis.swig\u001b[39m","time":"2015-11-09T08:49:40.701Z","v":0}
{"name":"hexo","hostname":"M0nK","pid":8824,"level":20,"msg":"Processed: \u001b[35mlayout/_partials/share/duoshuo_share.swig\u001b[39m","time":"2015-11-09T08:49:40.703Z","v":0}
{"name":"hexo","hostname":"M0nK","pid":8824,"level":20,"msg":"Processed: \u001b[35mlayout/_partials/search.swig\u001b[39m","time":"2015-11-09T08:49:40.705Z","v":0}
{"name":"hexo","hostname":"M0nK","pid":8824,"level":20,"msg":"Processed: \u001b[35mlayout/_partials/search/tinysou.swig\u001b[39m","time":"2015-11-09T08:49:40.707Z","v":0}
{"name":"hexo","hostname":"M0nK","pid":8824,"level":20,"msg":"Processed: \u001b[35mlayout/_partials/search/swiftype.swig\u001b[39m","time":"2015-11-09T08:49:40.709Z","v":0}
{"name":"hexo","hostname":"M0nK","pid":8824,"level":20,"msg":"Processed: \u001b[35mlayout/_partials/pagination.swig\u001b[39m","time":"2015-11-09T08:49:40.710Z","v":0}
{"name":"hexo","hostname":"M0nK","pid":8824,"level":20,"msg":"Processed: \u001b[35mlayout/_partials/old-browsers.swig\u001b[39m","time":"2015-11-09T08:49:40.713Z","v":0}
{"name":"hexo","hostname":"M0nK","pid":8824,"level":20,"msg":"Processed: \u001b[35mlayout/_partials/header.swig\u001b[39m","time":"2015-11-09T08:49:40.718Z","v":0}
{"name":"hexo","hostname":"M0nK","pid":8824,"level":20,"msg":"Processed: \u001b[35mlayout/_partials/head.swig\u001b[39m","time":"2015-11-09T08:49:40.720Z","v":0}
{"name":"hexo","hostname":"M0nK","pid":8824,"level":20,"msg":"Processed: \u001b[35mlayout/_partials/footer.swig\u001b[39m","time":"2015-11-09T08:49:40.722Z","v":0}
{"name":"hexo","hostname":"M0nK","pid":8824,"level":20,"msg":"Processed: \u001b[35mlayout/_partials/duoshuo-hot-articles.swig\u001b[39m","time":"2015-11-09T08:49:40.724Z","v":0}
{"name":"hexo","hostname":"M0nK","pid":8824,"level":20,"msg":"Processed: \u001b[35mlayout/_partials/comments.swig\u001b[39m","time":"2015-11-09T08:49:40.726Z","v":0}
{"name":"hexo","hostname":"M0nK","pid":8824,"level":20,"msg":"Processed: \u001b[35mlayout/_macro/sidebar.swig\u001b[39m","time":"2015-11-09T08:49:40.727Z","v":0}
{"name":"hexo","hostname":"M0nK","pid":8824,"level":20,"msg":"Processed: \u001b[35mlayout/_macro/post.swig\u001b[39m","time":"2015-11-09T08:49:40.730Z","v":0}
{"name":"hexo","hostname":"M0nK","pid":8824,"level":20,"msg":"Processed: \u001b[35mlayout/_macro/post-collapse.swig\u001b[39m","time":"2015-11-09T08:49:40.731Z","v":0}
{"name":"hexo","hostname":"M0nK","pid":8824,"level":20,"msg":"Processed: \u001b[35mlayout/_layout.swig\u001b[39m","time":"2015-11-09T08:49:40.732Z","v":0}
{"name":"hexo","hostname":"M0nK","pid":8824,"level":20,"msg":"Processed: \u001b[35mlanguages/zh-tw.yml\u001b[39m","time":"2015-11-09T08:49:40.736Z","v":0}
{"name":"hexo","hostname":"M0nK","pid":8824,"level":20,"msg":"Processed: \u001b[35mlanguages/zh-hk.yml\u001b[39m","time":"2015-11-09T08:49:40.738Z","v":0}
{"name":"hexo","hostname":"M0nK","pid":8824,"level":20,"msg":"Processed: \u001b[35mlanguages/zh-Hans.yml\u001b[39m","time":"2015-11-09T08:49:40.741Z","v":0}
{"name":"hexo","hostname":"M0nK","pid":8824,"level":20,"msg":"Processed: \u001b[35mlanguages/ru.yml\u001b[39m","time":"2015-11-09T08:49:40.744Z","v":0}
{"name":"hexo","hostname":"M0nK","pid":8824,"level":20,"msg":"Processed: \u001b[35mlanguages/pt.yml\u001b[39m","time":"2015-11-09T08:49:40.747Z","v":0}
{"name":"hexo","hostname":"M0nK","pid":8824,"level":20,"msg":"Processed: \u001b[35mlanguages/fr-FR.yml\u001b[39m","time":"2015-11-09T08:49:40.748Z","v":0}
{"name":"hexo","hostname":"M0nK","pid":8824,"level":20,"msg":"Processed: \u001b[35mlanguages/en.yml\u001b[39m","time":"2015-11-09T08:49:40.750Z","v":0}
{"name":"hexo","hostname":"M0nK","pid":8824,"level":20,"msg":"Processed: \u001b[35mlanguages/default.yml\u001b[39m","time":"2015-11-09T08:49:40.751Z","v":0}
{"name":"hexo","hostname":"M0nK","pid":8824,"level":20,"msg":"Processed: \u001b[35mlanguages/de.yml\u001b[39m","time":"2015-11-09T08:49:40.753Z","v":0}
{"name":"hexo","hostname":"M0nK","pid":8824,"level":20,"msg":"Theme config loaded.","time":"2015-11-09T08:49:40.755Z","v":0}
{"name":"hexo","hostname":"M0nK","pid":8824,"level":20,"msg":"Processed: \u001b[35m_config.yml\u001b[39m","time":"2015-11-09T08:49:40.755Z","v":0}
{"name":"hexo","hostname":"M0nK","pid":8824,"level":20,"msg":"Generator: \u001b[35mpage\u001b[39m","time":"2015-11-09T08:49:41.092Z","v":0}
{"name":"hexo","hostname":"M0nK","pid":8824,"level":20,"msg":"Generator: \u001b[35mpost\u001b[39m","time":"2015-11-09T08:49:41.094Z","v":0}
{"name":"hexo","hostname":"M0nK","pid":8824,"level":20,"msg":"Generator: \u001b[35marchive\u001b[39m","time":"2015-11-09T08:49:41.095Z","v":0}
{"name":"hexo","hostname":"M0nK","pid":8824,"level":20,"msg":"Generator: \u001b[35mcategory\u001b[39m","time":"2015-11-09T08:49:41.097Z","v":0}
{"name":"hexo","hostname":"M0nK","pid":8824,"level":20,"msg":"Generator: \u001b[35mindex\u001b[39m","time":"2015-11-09T08:49:41.098Z","v":0}
{"name":"hexo","hostname":"M0nK","pid":8824,"level":20,"msg":"Generator: \u001b[35mfeed\u001b[39m","time":"2015-11-09T08:49:41.099Z","v":0}
{"name":"hexo","hostname":"M0nK","pid":8824,"level":20,"msg":"Generator: \u001b[35msitemap\u001b[39m","time":"2015-11-09T08:49:41.101Z","v":0}
{"name":"hexo","hostname":"M0nK","pid":8824,"level":20,"msg":"Generator: \u001b[35mtag\u001b[39m","time":"2015-11-09T08:49:41.102Z","v":0}
{"name":"hexo","hostname":"M0nK","pid":8824,"level":20,"msg":"Generator: \u001b[35masset\u001b[39m","time":"2015-11-09T08:49:41.108Z","v":0}
{"name":"hexo","hostname":"M0nK","pid":8824,"level":30,"msg":"Hexo is running at \u001b[4mhttp://0.0.0.0:4000/\u001b[24m. Press Ctrl+C to stop.","time":"2015-11-09T08:49:41.126Z","v":0}
{"name":"hexo","hostname":"M0nK","pid":8824,"level":20,"msg":"Database saved","time":"2015-11-09T08:49:41.142Z","v":0}
{"name":"hexo","hostname":"M0nK","pid":8824,"level":20,"msg":"Rendering index: \u001b[35mindex.html\u001b[39m","time":"2015-11-09T08:50:03.616Z","v":0}
{"name":"hexo","hostname":"M0nK","pid":8824,"level":20,"msg":"Rendering post: \u001b[35m2015/03/07/nodejs-update/index.html\u001b[39m","time":"2015-11-09T08:50:12.192Z","v":0}
{"name":"hexo","hostname":"M0nK","pid":8824,"level":20,"msg":"Rendering archive: \u001b[35marchives/index.html\u001b[39m","time":"2015-11-09T08:50:54.662Z","v":0}
{"name":"hexo","hostname":"M0nK","pid":8824,"level":20,"msg":"Rendering index: \u001b[35mindex.html\u001b[39m","time":"2015-11-09T08:51:21.243Z","v":0}
{"name":"hexo","hostname":"M0nK","pid":8824,"level":20,"msg":"Rendering index: \u001b[35mindex.html\u001b[39m","time":"2015-11-09T08:51:24.177Z","v":0}
{"name":"hexo","hostname":"M0nK","pid":8824,"level":20,"msg":"Rendering index: \u001b[35mindex.html\u001b[39m","time":"2015-11-09T08:51:27.129Z","v":0}
{"name":"hexo","hostname":"M0nK","pid":8824,"level":30,"msg":"See you again","time":"2015-11-09T08:51:51.141Z","v":0}
{"name":"hexo","hostname":"M0nK","pid":8824,"level":20,"msg":"Database saved","time":"2015-11-09T08:51:51.180Z","v":0}
